-------------------------------------------------------------------------------
Test set: allurereport.MyCalculatorTest
-------------------------------------------------------------------------------
Tests run: 5, Failures: 1, Errors: 0, Skipped: 0, Time elapsed: 0.084 s <<< FAILURE! - in allurereport.MyCalculatorTest
tc4(allurereport.MyCalculatorTest)  Time elapsed: 0.015 s  <<< FAILURE!
java.lang.AssertionError: 

Expected: <6.0>
     but: was <5.0>
	at allurereport.MyCalculatorTest.tc4(MyCalculatorTest.java:66)

