-------------------------------------------------------------------------------
Test set: tests.StudentPostTest
-------------------------------------------------------------------------------
Tests run: 1, Failures: 0, Errors: 1, Skipped: 0, Time elapsed: 4.023 s <<< FAILURE! - in tests.StudentPostTest
createNewStudent(tests.StudentPostTest)  Time elapsed: 4.018 s  <<< ERROR!
java.net.ConnectException: Connection refused: connect
	at tests.StudentPostTest.createNewStudent(StudentPostTest.java:40)

