-------------------------------------------------------------------------------
Test set: tests.StudentGetTest
-------------------------------------------------------------------------------
Tests run: 3, Failures: 0, Errors: 3, Skipped: 0, Time elapsed: 12.15 s <<< FAILURE! - in tests.StudentGetTest
getStudentsFromFA(tests.StudentGetTest)  Time elapsed: 4.075 s  <<< ERROR!
java.net.ConnectException: Connection refused: connect
	at tests.StudentGetTest.getStudentsFromFA(StudentGetTest.java:66)

getAllStudentInformation(tests.StudentGetTest)  Time elapsed: 4.025 s  <<< ERROR!
java.net.ConnectException: Connection refused: connect
	at tests.StudentGetTest.getAllStudentInformation(StudentGetTest.java:33)

getStudentInfo(tests.StudentGetTest)  Time elapsed: 4.028 s  <<< ERROR!
java.net.ConnectException: Connection refused: connect
	at tests.StudentGetTest.getStudentInfo(StudentGetTest.java:51)

